Detecting compiler hash for triplet arm64-osx...
Compiler found: /usr/bin/c++
The following packages will be built and installed:
  * brotli:arm64-osx@1.2.0
  * bzip2[core,tool]:arm64-osx@1.0.8#6
  * egl-registry:arm64-osx@2025-05-27
  * freetype[brotli,bzip2,core,png,zlib]:arm64-osx@2.13.3
  * libflac[core,stack-protector]:arm64-osx@1.5.0
  * libogg:arm64-osx@1.3.6#1
  * libpng:arm64-osx@1.6.53
  * libvorbis:arm64-osx@1.3.7#4
  * miniaudio:arm64-osx@0.11.23
  * opengl:arm64-osx@2022-12-04#3
  * opengl-registry:arm64-osx@2025-10-23
    sfml[audio,core,graphics,network,window]:arm64-osx@3.0.2
    sqlite3[core,json1]:arm64-osx@3.51.1
  * stb:arm64-osx@2024-07-29#1
  * vcpkg-cmake:arm64-osx@2024-04-23
  * vcpkg-cmake-config:arm64-osx@2024-05-23
  * zlib:arm64-osx@1.3.1
Additional packages (*) will be modified to complete this operation.
Restored 0 package(s) from /Users/apsscolari/.cache/vcpkg/archives in 33.8 us. Use --debug to see more details.
Installing 1/17 egl-registry:arm64-osx@2025-05-27...
Building egl-registry:arm64-osx@2025-05-27...
Downloading https://github.com/KhronosGroup/EGL-Registry/archive/3ae2b7c48690d2ce13cc6db3db02dfc0572be65e.tar.gz -> KhronosGroup-EGL-Registry-3ae2b7c48690d2ce13cc6db3db02dfc0572be65e.tar.gz
Successfully downloaded KhronosGroup-EGL-Registry-3ae2b7c48690d2ce13cc6db3db02dfc0572be65e.tar.gz
-- Extracting source /Users/apsscolari/vcpkg/downloads/KhronosGroup-EGL-Registry-3ae2b7c48690d2ce13cc6db3db02dfc0572be65e.tar.gz
-- Using source at /Users/apsscolari/vcpkg/buildtrees/egl-registry/src/c0572be65e-4257a9ad9b.clean
-- Installing: /Users/apsscolari/vcpkg/packages/egl-registry_arm64-osx/share/egl-registry/copyright
-- Performing post-build validation
Starting submission of egl-registry:arm64-osx@2025-05-27 to 1 binary cache(s) in the background
Elapsed time to handle egl-registry:arm64-osx: 1.8 s
egl-registry:arm64-osx package ABI: ac85979f62bd8f5d6d9a3e805da98dfa3428efa83a75128d62f4eb5294a47a4b
Installing 2/17 opengl-registry:arm64-osx@2025-10-23...
Building opengl-registry:arm64-osx@2025-10-23...
Downloading https://github.com/KhronosGroup/OpenGL-Registry/archive/d38ff693f3e99ac5a61e3858de76c6c02976fa67.tar.gz -> KhronosGroup-OpenGL-Registry-d38ff693f3e99ac5a61e3858de76c6c02976fa67.tar.gz
Successfully downloaded KhronosGroup-OpenGL-Registry-d38ff693f3e99ac5a61e3858de76c6c02976fa67.tar.gz
-- Extracting source /Users/apsscolari/vcpkg/downloads/KhronosGroup-OpenGL-Registry-d38ff693f3e99ac5a61e3858de76c6c02976fa67.tar.gz
-- Using source at /Users/apsscolari/vcpkg/buildtrees/opengl-registry/src/c02976fa67-243f2fc356.clean
-- Installing: /Users/apsscolari/vcpkg/packages/opengl-registry_arm64-osx/share/opengl-registry/copyright
-- Performing post-build validation
Starting submission of opengl-registry:arm64-osx@2025-10-23 to 1 binary cache(s) in the background
Elapsed time to handle opengl-registry:arm64-osx: 31 s
opengl-registry:arm64-osx package ABI: 53fba05178b89afba6f96cc19f447499b966fab87fb073949b8d2c91826990dd
Completed submission of egl-registry:arm64-osx@2025-05-27 to 1 binary cache(s) in 23 ms
Installing 3/17 opengl:arm64-osx@2022-12-04#3...
Building opengl:arm64-osx@2022-12-04#3...
-- Installing: /Users/apsscolari/vcpkg/packages/opengl_arm64-osx/share/opengl/usage
-- Skipping post-build validation due to VCPKG_POLICY_EMPTY_PACKAGE
Starting submission of opengl:arm64-osx@2022-12-04#3 to 1 binary cache(s) in the background
Elapsed time to handle opengl:arm64-osx: 37.1 ms
opengl:arm64-osx package ABI: 8835d646621dddaa7c8228f926024f667d01653ed72e8b49cdd3246770f728d3
Installing 4/17 stb:arm64-osx@2024-07-29#1...
Building stb:arm64-osx@2024-07-29#1...
Downloading https://github.com/nothings/stb/archive/f75e8d1cad7d90d72ef7a4661f1b994ef78b4e31.tar.gz -> nothings-stb-f75e8d1cad7d90d72ef7a4661f1b994ef78b4e31.tar.gz
Successfully downloaded nothings-stb-f75e8d1cad7d90d72ef7a4661f1b994ef78b4e31.tar.gz
-- Extracting source /Users/apsscolari/vcpkg/downloads/nothings-stb-f75e8d1cad7d90d72ef7a4661f1b994ef78b4e31.tar.gz
-- Using source at /Users/apsscolari/vcpkg/buildtrees/stb/src/4ef78b4e31-bf024d35de.clean
-- Installing: /Users/apsscolari/vcpkg/packages/stb_arm64-osx/share/stb/FindStb.cmake
-- Installing: /Users/apsscolari/vcpkg/packages/stb_arm64-osx/share/stb/vcpkg-cmake-wrapper.cmake
-- Installing: /Users/apsscolari/vcpkg/packages/stb_arm64-osx/share/stb/usage
-- Installing: /Users/apsscolari/vcpkg/packages/stb_arm64-osx/share/stb/copyright
-- Performing post-build validation
Starting submission of stb:arm64-osx@2024-07-29#1 to 1 binary cache(s) in the background
Elapsed time to handle stb:arm64-osx: 1.7 s
stb:arm64-osx package ABI: 135bbfb439aab224a0ab77fd21f1b249e867f3aa9b9c5827ae32a38571006ad1
Completed submission of opengl-registry:arm64-osx@2025-10-23 to 1 binary cache(s) in 69.2 ms
Completed submission of opengl:arm64-osx@2022-12-04#3 to 1 binary cache(s) in 12.6 ms
Installing 5/17 vcpkg-cmake:arm64-osx@2024-04-23...
Building vcpkg-cmake:arm64-osx@2024-04-23...
-- Installing: /Users/apsscolari/vcpkg/packages/vcpkg-cmake_arm64-osx/share/vcpkg-cmake/vcpkg_cmake_configure.cmake
-- Installing: /Users/apsscolari/vcpkg/packages/vcpkg-cmake_arm64-osx/share/vcpkg-cmake/vcpkg_cmake_build.cmake
-- Installing: /Users/apsscolari/vcpkg/packages/vcpkg-cmake_arm64-osx/share/vcpkg-cmake/vcpkg_cmake_install.cmake
-- Installing: /Users/apsscolari/vcpkg/packages/vcpkg-cmake_arm64-osx/share/vcpkg-cmake/vcpkg-port-config.cmake
-- Installing: /Users/apsscolari/vcpkg/packages/vcpkg-cmake_arm64-osx/share/vcpkg-cmake/copyright
-- Performing post-build validation
Starting submission of vcpkg-cmake:arm64-osx@2024-04-23 to 1 binary cache(s) in the background
Elapsed time to handle vcpkg-cmake:arm64-osx: 52.2 ms
vcpkg-cmake:arm64-osx package ABI: 957a2577e269e7621c362e89b97fd02c7287804de80d77e8f1c3d96644a36313
Completed submission of stb:arm64-osx@2024-07-29#1 to 1 binary cache(s) in 50.1 ms
Installing 6/17 zlib:arm64-osx@1.3.1...
Building zlib:arm64-osx@1.3.1...
Downloading https://github.com/madler/zlib/archive/v1.3.1.tar.gz -> madler-zlib-v1.3.1.tar.gz
Successfully downloaded madler-zlib-v1.3.1.tar.gz
-- Extracting source /Users/apsscolari/vcpkg/downloads/madler-zlib-v1.3.1.tar.gz
-- Applying patch 0001-Prevent-invalid-inclusions-when-HAVE_-is-set-to-0.patch
-- Applying patch 0002-build-static-or-shared-not-both.patch
-- Applying patch 0003-android-and-mingw-fixes.patch
-- Using source at /Users/apsscolari/vcpkg/buildtrees/zlib/src/v1.3.1-2e5db616bf.clean
-- Configuring arm64-osx
-- Building arm64-osx-dbg
-- Building arm64-osx-rel
-- Installing: /Users/apsscolari/vcpkg/packages/zlib_arm64-osx/share/zlib/vcpkg-cmake-wrapper.cmake
-- Fixing pkgconfig file: /Users/apsscolari/vcpkg/packages/zlib_arm64-osx/lib/pkgconfig/zlib.pc
-- Fixing pkgconfig file: /Users/apsscolari/vcpkg/packages/zlib_arm64-osx/debug/lib/pkgconfig/zlib.pc
-- Installing: /Users/apsscolari/vcpkg/packages/zlib_arm64-osx/share/zlib/copyright
-- Performing post-build validation
Starting submission of zlib:arm64-osx@1.3.1 to 1 binary cache(s) in the background
Elapsed time to handle zlib:arm64-osx: 4.4 s
zlib:arm64-osx package ABI: 9c6e758d1102f5a1fe9c80c54d07994b96245c55f21c2d0e14c3b0eadba3a9c4
Completed submission of vcpkg-cmake:arm64-osx@2024-04-23 to 1 binary cache(s) in 11.8 ms
Installing 7/17 vcpkg-cmake-config:arm64-osx@2024-05-23...
Building vcpkg-cmake-config:arm64-osx@2024-05-23...
-- Installing: /Users/apsscolari/vcpkg/packages/vcpkg-cmake-config_arm64-osx/share/vcpkg-cmake-config/vcpkg_cmake_config_fixup.cmake
-- Installing: /Users/apsscolari/vcpkg/packages/vcpkg-cmake-config_arm64-osx/share/vcpkg-cmake-config/vcpkg-port-config.cmake
-- Installing: /Users/apsscolari/vcpkg/packages/vcpkg-cmake-config_arm64-osx/share/vcpkg-cmake-config/copyright
-- Skipping post-build validation due to VCPKG_POLICY_EMPTY_PACKAGE
Starting submission of vcpkg-cmake-config:arm64-osx@2024-05-23 to 1 binary cache(s) in the background
Elapsed time to handle vcpkg-cmake-config:arm64-osx: 35.6 ms
vcpkg-cmake-config:arm64-osx package ABI: f60a183e5fc96481513ac604310b3bb17f39a24d7d9e8c8fe568d9ca8bfb1aaa
Completed submission of zlib:arm64-osx@1.3.1 to 1 binary cache(s) in 28 ms
Installing 8/17 libpng:arm64-osx@1.6.53...
Building libpng:arm64-osx@1.6.53...
Downloading https://github.com/pnggroup/libpng/archive/v1.6.53.tar.gz -> pnggroup-libpng-v1.6.53.tar.gz
Successfully downloaded pnggroup-libpng-v1.6.53.tar.gz
-- Extracting source /Users/apsscolari/vcpkg/downloads/pnggroup-libpng-v1.6.53.tar.gz
-- Applying patch cmake.patch
-- Using source at /Users/apsscolari/vcpkg/buildtrees/libpng/src/v1.6.53-b98b476139.clean
-- Configuring arm64-osx
-- Building arm64-osx-dbg
-- Building arm64-osx-rel
-- Installing: /Users/apsscolari/vcpkg/packages/libpng_arm64-osx/share/png/vcpkg-cmake-wrapper.cmake
-- Installing: /Users/apsscolari/vcpkg/packages/libpng_arm64-osx/share/libpng/libpng-config.cmake
-- Fixing pkgconfig file: /Users/apsscolari/vcpkg/packages/libpng_arm64-osx/lib/pkgconfig/libpng16.pc
-- Fixing pkgconfig file: /Users/apsscolari/vcpkg/packages/libpng_arm64-osx/debug/lib/pkgconfig/libpng16.pc
-- Installing: /Users/apsscolari/vcpkg/packages/libpng_arm64-osx/debug/lib/pkgconfig/libpng.pc
-- Installing: /Users/apsscolari/vcpkg/packages/libpng_arm64-osx/lib/pkgconfig/libpng.pc
-- Installing: /Users/apsscolari/vcpkg/packages/libpng_arm64-osx/share/libpng/usage
-- Installing: /Users/apsscolari/vcpkg/packages/libpng_arm64-osx/share/libpng/copyright
-- Performing post-build validation
Starting submission of libpng:arm64-osx@1.6.53 to 1 binary cache(s) in the background
Elapsed time to handle libpng:arm64-osx: 4.7 s
libpng:arm64-osx package ABI: 052c899b22fb24fac1482139f6177489580e8c07893a030fa9c580dc06ed8d66
Completed submission of vcpkg-cmake-config:arm64-osx@2024-05-23 to 1 binary cache(s) in 11.4 ms
Installing 9/17 bzip2[core,tool]:arm64-osx@1.0.8#6...
Building bzip2[core,tool]:arm64-osx@1.0.8#6...
Downloading bzip2-1.0.8.tar.gz, trying https://sourceware.org/pub/bzip2/bzip2-1.0.8.tar.gz
Successfully downloaded bzip2-1.0.8.tar.gz
-- Extracting source /Users/apsscolari/vcpkg/downloads/bzip2-1.0.8.tar.gz
-- Applying patch fix-import-export-macros.patch
-- Using source at /Users/apsscolari/vcpkg/buildtrees/bzip2/src/bzip2-1-336d4794a3.clean
-- Configuring arm64-osx
-- Building arm64-osx-dbg
-- Building arm64-osx-rel
-- Fixing pkgconfig file: /Users/apsscolari/vcpkg/packages/bzip2_arm64-osx/lib/pkgconfig/bzip2.pc
-- Fixing pkgconfig file: /Users/apsscolari/vcpkg/packages/bzip2_arm64-osx/debug/lib/pkgconfig/bzip2.pc
-- Installing: /Users/apsscolari/vcpkg/packages/bzip2_arm64-osx/share/bzip2/copyright
-- Adjusted RPATH of '/Users/apsscolari/vcpkg/packages/bzip2_arm64-osx/tools/bzip2/bzip2' to '@loader_path/../../lib'
-- Adjusted RPATH of '/Users/apsscolari/vcpkg/packages/bzip2_arm64-osx/tools/bzip2/bzip2recover' to '@loader_path/../../lib'
-- Performing post-build validation
Starting submission of bzip2[core,tool]:arm64-osx@1.0.8#6 to 1 binary cache(s) in the background
Elapsed time to handle bzip2:arm64-osx: 3.3 s
bzip2:arm64-osx package ABI: 66d5a30a5366f294a1806025514fce773526b97a9f04220d9898d7d915237246
Completed submission of libpng:arm64-osx@1.6.53 to 1 binary cache(s) in 63.2 ms
Installing 10/17 brotli:arm64-osx@1.2.0...
Building brotli:arm64-osx@1.2.0...
Downloading https://github.com/google/brotli/archive/v1.2.0.tar.gz -> google-brotli-v1.2.0.tar.gz
Successfully downloaded google-brotli-v1.2.0.tar.gz
-- Extracting source /Users/apsscolari/vcpkg/downloads/google-brotli-v1.2.0.tar.gz
-- Applying patch install.patch
-- Applying patch pkgconfig.patch
-- Using source at /Users/apsscolari/vcpkg/buildtrees/brotli/src/v1.2.0-7af7ca71ad.clean
-- Configuring arm64-osx
-- Building arm64-osx-dbg
-- Building arm64-osx-rel
-- Fixing pkgconfig file: /Users/apsscolari/vcpkg/packages/brotli_arm64-osx/lib/pkgconfig/libbrotlicommon.pc
-- Fixing pkgconfig file: /Users/apsscolari/vcpkg/packages/brotli_arm64-osx/lib/pkgconfig/libbrotlidec.pc
-- Fixing pkgconfig file: /Users/apsscolari/vcpkg/packages/brotli_arm64-osx/lib/pkgconfig/libbrotlienc.pc
-- Fixing pkgconfig file: /Users/apsscolari/vcpkg/packages/brotli_arm64-osx/debug/lib/pkgconfig/libbrotlicommon.pc
-- Fixing pkgconfig file: /Users/apsscolari/vcpkg/packages/brotli_arm64-osx/debug/lib/pkgconfig/libbrotlidec.pc
-- Fixing pkgconfig file: /Users/apsscolari/vcpkg/packages/brotli_arm64-osx/debug/lib/pkgconfig/libbrotlienc.pc
-- Installing: /Users/apsscolari/vcpkg/packages/brotli_arm64-osx/share/brotli/usage
-- Installing: /Users/apsscolari/vcpkg/packages/brotli_arm64-osx/share/brotli/copyright
-- Adjusted RPATH of '/Users/apsscolari/vcpkg/packages/brotli_arm64-osx/tools/brotli/brotli' to '@loader_path/../../lib'
-- Performing post-build validation
Starting submission of brotli:arm64-osx@1.2.0 to 1 binary cache(s) in the background
Elapsed time to handle brotli:arm64-osx: 5.8 s
brotli:arm64-osx package ABI: 780112fa10c58529dbd2aeb729cf03423f3268d049ab898f2d5588ecaa50d38f
Completed submission of bzip2[core,tool]:arm64-osx@1.0.8#6 to 1 binary cache(s) in 31.4 ms
Installing 11/17 freetype[brotli,bzip2,core,png,zlib]:arm64-osx@2.13.3...
Building freetype[brotli,bzip2,core,png,zlib]:arm64-osx@2.13.3...
Downloading https://gitlab.freedesktop.org//freetype/freetype/-/archive/VER-2-13-3/freetype-VER-2-13-3.tar.gz -> freetype-freetype-VER-2-13-3.tar.gz
Successfully downloaded freetype-freetype-VER-2-13-3.tar.gz
-- Extracting source /Users/apsscolari/vcpkg/downloads/freetype-freetype-VER-2-13-3.tar.gz
-- Applying patch 0003-Fix-UWP.patch
-- Applying patch brotli-static.patch
-- Applying patch bzip2.patch
-- Applying patch fix-exports.patch
-- Using source at /Users/apsscolari/vcpkg/buildtrees/freetype/src/VER-2-13-3-8b423a038b.clean
-- Configuring arm64-osx
-- Building arm64-osx-dbg
-- Building arm64-osx-rel
-- Fixing pkgconfig file: /Users/apsscolari/vcpkg/packages/freetype_arm64-osx/lib/pkgconfig/freetype2.pc
-- Fixing pkgconfig file: /Users/apsscolari/vcpkg/packages/freetype_arm64-osx/debug/lib/pkgconfig/freetype2.pc
-- Installing: /Users/apsscolari/vcpkg/packages/freetype_arm64-osx/share/freetype/usage
-- Performing post-build validation
Starting submission of freetype[brotli,bzip2,core,png,zlib]:arm64-osx@2.13.3 to 1 binary cache(s) in the background
Elapsed time to handle freetype:arm64-osx: 7.8 s
freetype:arm64-osx package ABI: a05f5d59feb1a7a6f4f7128f71dc1d23c1a9767d79ea0859a434168a94392c84
Completed submission of brotli:arm64-osx@1.2.0 to 1 binary cache(s) in 154 ms
Installing 12/17 miniaudio:arm64-osx@0.11.23...
Building miniaudio:arm64-osx@0.11.23...
Downloading https://github.com/mackron/miniaudio/archive/0.11.23.tar.gz -> mackron-miniaudio-0.11.23.tar.gz
Successfully downloaded mackron-miniaudio-0.11.23.tar.gz
-- Extracting source /Users/apsscolari/vcpkg/downloads/mackron-miniaudio-0.11.23.tar.gz
-- Using source at /Users/apsscolari/vcpkg/buildtrees/miniaudio/src/0.11.23-fcc418cb79.clean
-- Installing: /Users/apsscolari/vcpkg/packages/miniaudio_arm64-osx/include/miniaudio.h
-- Installing: /Users/apsscolari/vcpkg/packages/miniaudio_arm64-osx/share/miniaudio/copyright
-- Performing post-build validation
Starting submission of miniaudio:arm64-osx@0.11.23 to 1 binary cache(s) in the background
Elapsed time to handle miniaudio:arm64-osx: 1.4 s
miniaudio:arm64-osx package ABI: d2420778525c9ca9339c75f0c97a8a42a58b61e029b77a1e3f312afeec3fc867
Completed submission of freetype[brotli,bzip2,core,png,zlib]:arm64-osx@2.13.3 to 1 binary cache(s) in 207 ms
Installing 13/17 libogg:arm64-osx@1.3.6#1...
Building libogg:arm64-osx@1.3.6#1...
Downloading https://github.com/xiph/ogg/archive/v1.3.6.tar.gz -> xiph-ogg-v1.3.6.tar.gz
Successfully downloaded xiph-ogg-v1.3.6.tar.gz
-- Extracting source /Users/apsscolari/vcpkg/downloads/xiph-ogg-v1.3.6.tar.gz
-- Using source at /Users/apsscolari/vcpkg/buildtrees/libogg/src/v1.3.6-4ad11a7327.clean
-- Configuring arm64-osx
-- Building arm64-osx-dbg
-- Building arm64-osx-rel
-- Fixing pkgconfig file: /Users/apsscolari/vcpkg/packages/libogg_arm64-osx/lib/pkgconfig/ogg.pc
-- Fixing pkgconfig file: /Users/apsscolari/vcpkg/packages/libogg_arm64-osx/debug/lib/pkgconfig/ogg.pc
-- Installing: /Users/apsscolari/vcpkg/packages/libogg_arm64-osx/share/libogg/copyright
-- Performing post-build validation
Starting submission of libogg:arm64-osx@1.3.6#1 to 1 binary cache(s) in the background
Elapsed time to handle libogg:arm64-osx: 5 s
libogg:arm64-osx package ABI: 88406dac53abbca3eb2e34bcecc21a4dfe89c6f275ed6721bb749ba2cf669069
Completed submission of miniaudio:arm64-osx@0.11.23 to 1 binary cache(s) in 66.8 ms
Installing 14/17 libvorbis:arm64-osx@1.3.7#4...
Building libvorbis:arm64-osx@1.3.7#4...
Downloading https://github.com/xiph/vorbis/archive/v1.3.7.tar.gz -> xiph-vorbis-v1.3.7.tar.gz
Successfully downloaded xiph-vorbis-v1.3.7.tar.gz
-- Extracting source /Users/apsscolari/vcpkg/downloads/xiph-vorbis-v1.3.7.tar.gz
-- Applying patch 0001-Dont-export-vorbisenc-functions.patch
-- Applying patch 0002-Fixup-pkgconfig-libs.patch
-- Applying patch 0003-def-mingw-compat.patch
-- Applying patch 0004-ogg-find-dependency.patch
-- Using source at /Users/apsscolari/vcpkg/buildtrees/libvorbis/src/v1.3.7-c32164610e.clean
-- Configuring arm64-osx
-- Building arm64-osx-dbg
-- Building arm64-osx-rel
-- Fixing pkgconfig file: /Users/apsscolari/vcpkg/packages/libvorbis_arm64-osx/lib/pkgconfig/vorbis.pc
-- Fixing pkgconfig file: /Users/apsscolari/vcpkg/packages/libvorbis_arm64-osx/lib/pkgconfig/vorbisenc.pc
-- Fixing pkgconfig file: /Users/apsscolari/vcpkg/packages/libvorbis_arm64-osx/lib/pkgconfig/vorbisfile.pc
-- Fixing pkgconfig file: /Users/apsscolari/vcpkg/packages/libvorbis_arm64-osx/debug/lib/pkgconfig/vorbis.pc
-- Fixing pkgconfig file: /Users/apsscolari/vcpkg/packages/libvorbis_arm64-osx/debug/lib/pkgconfig/vorbisenc.pc
-- Fixing pkgconfig file: /Users/apsscolari/vcpkg/packages/libvorbis_arm64-osx/debug/lib/pkgconfig/vorbisfile.pc
-- Installing: /Users/apsscolari/vcpkg/packages/libvorbis_arm64-osx/share/libvorbis/usage
-- Installing: /Users/apsscolari/vcpkg/packages/libvorbis_arm64-osx/share/libvorbis/copyright
-- Performing post-build validation
Starting submission of libvorbis:arm64-osx@1.3.7#4 to 1 binary cache(s) in the background
Elapsed time to handle libvorbis:arm64-osx: 4 s
libvorbis:arm64-osx package ABI: f4400ff11b3fabe290a3c867ff37c042334134477668b4a6d9817164f63e5ab7
Completed submission of libogg:arm64-osx@1.3.6#1 to 1 binary cache(s) in 16.3 ms
Installing 15/17 libflac[core,stack-protector]:arm64-osx@1.5.0...
Building libflac[core,stack-protector]:arm64-osx@1.5.0...
Downloading https://github.com/xiph/flac/archive/1.5.0.tar.gz -> xiph-flac-1.5.0.tar.gz
Successfully downloaded xiph-flac-1.5.0.tar.gz
-- Extracting source /Users/apsscolari/vcpkg/downloads/xiph-flac-1.5.0.tar.gz
-- Applying patch android-cmake.diff
-- Applying patch fix-compile-options.patch
-- Applying patch fix-find-threads.patch
-- Using source at /Users/apsscolari/vcpkg/buildtrees/libflac/src/1.5.0-5ec0185c23.clean
-- Configuring arm64-osx
-- Building arm64-osx-dbg
-- Building arm64-osx-rel
-- Fixing pkgconfig file: /Users/apsscolari/vcpkg/packages/libflac_arm64-osx/lib/pkgconfig/flac++.pc
-- Fixing pkgconfig file: /Users/apsscolari/vcpkg/packages/libflac_arm64-osx/lib/pkgconfig/flac.pc
-- Fixing pkgconfig file: /Users/apsscolari/vcpkg/packages/libflac_arm64-osx/debug/lib/pkgconfig/flac++.pc
-- Fixing pkgconfig file: /Users/apsscolari/vcpkg/packages/libflac_arm64-osx/debug/lib/pkgconfig/flac.pc
-- Installing: /Users/apsscolari/vcpkg/packages/libflac_arm64-osx/share/libflac/copyright
-- Installing: /Users/apsscolari/vcpkg/packages/libflac_arm64-osx/share/libflac/usage
-- Performing post-build validation
Starting submission of libflac[core,stack-protector]:arm64-osx@1.5.0 to 1 binary cache(s) in the background
Elapsed time to handle libflac:arm64-osx: 8.2 s
libflac:arm64-osx package ABI: 3a33965015d8bd7d8196a5709089753e07aa56c4db50a2c8b589364b38c907f6
Completed submission of libvorbis:arm64-osx@1.3.7#4 to 1 binary cache(s) in 81.1 ms
Installing 16/17 sfml[audio,core,graphics,network,window]:arm64-osx@3.0.2...
Building sfml[audio,core,graphics,network,window]:arm64-osx@3.0.2...
Downloading https://github.com/SFML/SFML/archive/3.0.2.tar.gz -> SFML-SFML-3.0.2.tar.gz
Successfully downloaded SFML-SFML-3.0.2.tar.gz
-- Extracting source /Users/apsscolari/vcpkg/downloads/SFML-SFML-3.0.2.tar.gz
-- Applying patch 01-fix-dependency-resolve.patch
-- Applying patch 03-fix-android-install-path.patch
-- Using source at /Users/apsscolari/vcpkg/buildtrees/sfml/src/3.0.2-1655203d87.clean
-- Configuring arm64-osx
-- Building arm64-osx-dbg
-- Building arm64-osx-rel
-- Installing: /Users/apsscolari/vcpkg/packages/sfml_arm64-osx/share/sfml/copyright
-- Performing post-build validation
Starting submission of sfml[audio,core,graphics,network,window]:arm64-osx@3.0.2 to 1 binary cache(s) in the background
Elapsed time to handle sfml:arm64-osx: 20 s
sfml:arm64-osx package ABI: e20318f9a15540ac7b286ea1802b3e0d1ef53d5596aba4b1f8387ea0207730d5
Completed submission of libflac[core,stack-protector]:arm64-osx@1.5.0 to 1 binary cache(s) in 84.5 ms
Installing 17/17 sqlite3[core,json1]:arm64-osx@3.51.1...
Building sqlite3[core,json1]:arm64-osx@3.51.1...
Downloading https://sqlite.org/2025/sqlite-autoconf-3510100.tar.gz -> sqlite-autoconf-3510100.tar.gz
Successfully downloaded sqlite-autoconf-3510100.tar.gz
-- Extracting source /Users/apsscolari/vcpkg/downloads/sqlite-autoconf-3510100.tar.gz
-- Applying patch fix-arm-uwp.patch
-- Applying patch add-config-include.patch
-- Using source at /Users/apsscolari/vcpkg/buildtrees/sqlite3/src/nf-3510100-f1e30189bc.clean
-- Configuring arm64-osx
-- Building arm64-osx-dbg
-- Building arm64-osx-rel
-- Fixing pkgconfig file: /Users/apsscolari/vcpkg/packages/sqlite3_arm64-osx/lib/pkgconfig/sqlite3.pc
-- Fixing pkgconfig file: /Users/apsscolari/vcpkg/packages/sqlite3_arm64-osx/debug/lib/pkgconfig/sqlite3.pc
-- Installing: /Users/apsscolari/vcpkg/packages/sqlite3_arm64-osx/share/sqlite3/usage
-- Performing post-build validation
Starting submission of sqlite3[core,json1]:arm64-osx@3.51.1 to 1 binary cache(s) in the background
Elapsed time to handle sqlite3:arm64-osx: 16 s
sqlite3:arm64-osx package ABI: ff1557e525d6b9f93533f552eda3447205969eb6fc5107ad8f4fcfc814d0f32b
Installed contents are licensed to you by owners. Microsoft is not responsible for, nor does it grant any licenses to, third-party packages.
Some packages did not declare an SPDX license. Check the `copyright` file for each package for more information about their licensing.
Packages installed in this vcpkg installation declare the following licenses:
(FTL OR GPL-2.0-or-later)
(MIT OR CC-PDDC)
(Unlicense OR MIT-0)
Apache-2.0
BSD-3-Clause
MIT
Zlib
blessing
bzip2-1.0.6
libpng-2.0
The package sfml provides CMake targets:

    find_package(SFML COMPONENTS Network Graphics Window Audio System CONFIG REQUIRED)
    target_link_libraries(main PRIVATE SFML::Network SFML::Graphics SFML::Window SFML::Audio SFML::System)

    # If you want SFML to provide an implementation of main():
    target_link_libraries(main PRIVATE SFML::Main)

sqlite3 provides pkgconfig bindings.
sqlite3 provides CMake targets:

    find_package(unofficial-sqlite3 CONFIG REQUIRED)
    target_link_libraries(main PRIVATE unofficial::sqlite3::sqlite3)

Completed submission of sfml[audio,core,graphics,network,window]:arm64-osx@3.0.2 to 1 binary cache(s) in 979 ms
Waiting for 1 remaining binary cache submissions...
Completed submission of sqlite3[core,json1]:arm64-osx@3.51.1 to 1 binary cache(s) in 271 ms (1/1)
All requested installations completed successfully in: 1.9 min
